\BOOKMARK [1][-]{Doc-Start}{Seznam pou\236it\375ch zkratek a symbolu}{}% 1
\BOOKMARK [1][-]{Doc-Start}{Seznam obr\341zku}{}% 2
\BOOKMARK [1][-]{Doc-Start}{Seznam v\375pisu zdrojov\351ho k\363du}{}% 3
\BOOKMARK [1][-]{section.1}{\332vod}{}% 4
\BOOKMARK [1][-]{section.2}{Technologie pro tvorbu webov\375ch aplikac\355}{}% 5
\BOOKMARK [2][-]{subsection.2.1}{Klient-Server}{section.2}% 6
\BOOKMARK [3][-]{subsubsection.2.1.1}{Zpusob komunikace}{subsection.2.1}% 7
\BOOKMARK [3][-]{subsubsection.2.1.2}{Form\341ty dat}{subsection.2.1}% 8
\BOOKMARK [2][-]{subsection.2.2}{Webov\351 technologie}{section.2}% 9
\BOOKMARK [3][-]{subsubsection.2.2.1}{HTML \205 Hypertext Markup Language}{subsection.2.2}% 10
\BOOKMARK [3][-]{subsubsection.2.2.2}{CSS}{subsection.2.2}% 11
\BOOKMARK [3][-]{subsubsection.2.2.3}{JavaScript}{subsection.2.2}% 12
\BOOKMARK [3][-]{subsubsection.2.2.4}{AngularJS}{subsection.2.2}% 13
\BOOKMARK [3][-]{subsubsection.2.2.5}{ReactJS}{subsection.2.2}% 14
\BOOKMARK [2][-]{subsection.2.3}{Technologie serverov\375ch c\341st\355 webov\351 aplikace}{section.2}% 15
\BOOKMARK [3][-]{subsubsection.2.3.1}{.NET Web API}{subsection.2.3}% 16
\BOOKMARK [1][-]{section.3}{Vlastn\355 n\341vrh re\235en\355}{}% 17
\BOOKMARK [2][-]{subsection.3.1}{Anal\375za soucasn\351 situace}{section.3}% 18
\BOOKMARK [2][-]{subsection.3.2}{Popis re\235en\355}{section.3}% 19
\BOOKMARK [2][-]{subsection.3.3}{Testov\341n\355, nasazen\355 a zpetn\341 vazba}{section.3}% 20
\BOOKMARK [2][-]{subsection.3.4}{N\341stroje}{section.3}% 21
\BOOKMARK [1][-]{section.4}{Z\341ver}{}% 22
\BOOKMARK [1][-]{section.4}{Pou\236it\341 literatura}{}% 23
\BOOKMARK [1][-]{section.4}{Pr\355lohy}{}% 24
\BOOKMARK [1][-]{appendix.A}{Grafick\375 n\341vrh u\236ivatelsk\351ho rozhran\355 1.}{}% 25
\BOOKMARK [1][-]{appendix.B}{Grafick\375 n\341vrh u\236ivatelsk\351ho rozhran\355 2.}{}% 26
\BOOKMARK [1][-]{appendix.C}{Grafick\375 n\341vrh u\236ivatelsk\351ho rozhran\355 3.}{}% 27
\BOOKMARK [1][-]{appendix.D}{Grafick\375 n\341vrh u\236ivatelsk\351ho rozhran\355 4.}{}% 28
\BOOKMARK [1][-]{appendix.E}{Prihla\235ovac\355 okno aplikace.}{}% 29
\BOOKMARK [1][-]{appendix.F}{Hlavn\355 okno aplikace.}{}% 30
\BOOKMARK [1][-]{appendix.G}{Okno registrace nov\351ho pacienta aplikace.}{}% 31
\BOOKMARK [1][-]{appendix.H}{N\341poveda v hlavn\355m okne aplikace.}{}% 32
\BOOKMARK [1][-]{appendix.I}{N\341poveda v okne registrace nov\351ho meren\355.}{}% 33
\BOOKMARK [1][-]{appendix.J}{Diagram tvorby pacienta.}{}% 34
